main thread ID:  3068458752 
true 
"01050309SKYA416" "70000214" "STSATI2010" "2015-04-07 11-30-30" 
getResponSkyW 
  SIN :  "128" 
  MobileID :  "01050309SKYA416" 
  SIN :  "128" 
  MobileID :  "01050309SKYA416" 
  SIN :  "128" 
  MobileID :  "01050309SKYA416" 
  SIN :  "128" 
  MobileID :  "01050309SKYA416" 
  SIN :  "128" 
  MobileID :  "01050309SKYA416" 
  SIN :  "128" 
  MobileID :  "01050309SKYA416" 
  SIN :  "128" 
  MobileID :  "01050309SKYA416" 
  SIN :  "128" 
  MobileID :  "01050309SKYA416" 
  SIN :  "128" 
  MobileID :  "01050309SKYA416" 
  SIN :  "128" 
  MobileID :  "01050309SKYA416" 
  SIN :  "128" 
  MobileID :  "01050309SKYA416" 
  SIN :  "128" 
  MobileID :  "01050309SKYA416" 
  SIN :  "128" 
  MobileID :  "01050309SKYA416" 
  SIN :  "128" 
  MobileID :  "01050309SKYA416" 
  SIN :  "128" 
  MobileID :  "01050309SKYA416" 
  SIN :  "128" 
  MobileID :  "01050309SKYA416" 
  SIN :  "128" 
  MobileID :  "01050309SKYA416" 
  SIN :  "128" 
  MobileID :  "01050309SKYA416" 
  SIN :  "128" 
  MobileID :  "01050309SKYA416" 
  SIN :  "128" 
  MobileID :  "01050309SKYA416" 
  SIN :  "128" 
  MobileID :  "01050309SKYA416" 
  SIN :  "128" 
  MobileID :  "01050309SKYA416" 
  SIN :  "128" 
  MobileID :  "01050309SKYA416" 
  SIN :  "128" 
  MobileID :  "01050309SKYA416" 
  SIN :  "128" 
  MobileID :  "01050309SKYA416" 
  SIN :  "128" 
  MobileID :  "01050309SKYA416" 
  SIN :  "128" 
  MobileID :  "01050309SKYA416" 
  SIN :  "128" 
  MobileID :  "01050309SKYA416" 
HABIS 
"01020268SKY7559" "70000214" "STSATI2010" "2015-04-07 11-27-21" 
getResponSkyW 
